<?xml version="1.0" encoding="UTF-8"?>
<testng-results skipped="0" failed="0" ignored="0" total="1" passed="1">
  <reporter-output>
  </reporter-output>
  <suite name="Default suite" duration-ms="62" started-at="2019-02-17T18:06:22Z" finished-at="2019-02-17T18:06:22Z">
    <groups>
    </groups>
    <test name="Default test" duration-ms="62" started-at="2019-02-17T18:06:22Z" finished-at="2019-02-17T18:06:22Z">
      <class name="ModuleScenario1.TestNGDemo">
        <test-method status="PASS" signature="beforeSuite()[pri:0, instance:ModuleScenario1.TestNGDemo@1810399e]" name="beforeSuite" is-config="true" duration-ms="21" started-at="2019-02-17T10:06:22Z" finished-at="2019-02-17T10:06:22Z">
          <reporter-output>
          </reporter-output>
        </test-method> <!-- beforeSuite -->
        <test-method status="PASS" signature="beforeTest()[pri:0, instance:ModuleScenario1.TestNGDemo@1810399e]" name="beforeTest" is-config="true" duration-ms="1" started-at="2019-02-17T10:06:22Z" finished-at="2019-02-17T10:06:22Z">
          <reporter-output>
          </reporter-output>
        </test-method> <!-- beforeTest -->
        <test-method status="PASS" signature="beforeClass()[pri:0, instance:ModuleScenario1.TestNGDemo@1810399e]" name="beforeClass" is-config="true" duration-ms="1" started-at="2019-02-17T10:06:22Z" finished-at="2019-02-17T10:06:22Z">
          <reporter-output>
          </reporter-output>
        </test-method> <!-- beforeClass -->
        <test-method status="PASS" signature="beforeMethod()[pri:0, instance:ModuleScenario1.TestNGDemo@1810399e]" name="beforeMethod" is-config="true" duration-ms="0" started-at="2019-02-17T10:06:22Z" finished-at="2019-02-17T10:06:22Z">
          <reporter-output>
          </reporter-output>
        </test-method> <!-- beforeMethod -->
        <test-method status="PASS" signature="f()[pri:0, instance:ModuleScenario1.TestNGDemo@1810399e]" name="f" duration-ms="18" started-at="2019-02-17T10:06:22Z" finished-at="2019-02-17T10:06:22Z">
          <reporter-output>
          </reporter-output>
        </test-method> <!-- f -->
        <test-method status="PASS" signature="afterMethod()[pri:0, instance:ModuleScenario1.TestNGDemo@1810399e]" name="afterMethod" is-config="true" duration-ms="1" started-at="2019-02-17T10:06:22Z" finished-at="2019-02-17T10:06:22Z">
          <reporter-output>
          </reporter-output>
        </test-method> <!-- afterMethod -->
        <test-method status="PASS" signature="afterClass()[pri:0, instance:ModuleScenario1.TestNGDemo@1810399e]" name="afterClass" is-config="true" duration-ms="1" started-at="2019-02-17T10:06:22Z" finished-at="2019-02-17T10:06:22Z">
          <reporter-output>
          </reporter-output>
        </test-method> <!-- afterClass -->
        <test-method status="PASS" signature="afterTest()[pri:0, instance:ModuleScenario1.TestNGDemo@1810399e]" name="afterTest" is-config="true" duration-ms="1" started-at="2019-02-17T10:06:22Z" finished-at="2019-02-17T10:06:22Z">
          <reporter-output>
          </reporter-output>
        </test-method> <!-- afterTest -->
        <test-method status="PASS" signature="afterSuite()[pri:0, instance:ModuleScenario1.TestNGDemo@1810399e]" name="afterSuite" is-config="true" duration-ms="1" started-at="2019-02-17T10:06:22Z" finished-at="2019-02-17T10:06:22Z">
          <reporter-output>
          </reporter-output>
        </test-method> <!-- afterSuite -->
      </class> <!-- ModuleScenario1.TestNGDemo -->
    </test> <!-- Default test -->
  </suite> <!-- Default suite -->
</testng-results>
