<?xml version="1.0" encoding="UTF-8"?>
<testng-results skipped="0" failed="0" ignored="0" total="1" passed="1">
  <reporter-output>
  </reporter-output>
  <suite name="Default suite" duration-ms="18120" started-at="2019-02-19T18:26:55Z" finished-at="2019-02-19T18:27:13Z">
    <groups>
    </groups>
    <test name="Default test" duration-ms="18120" started-at="2019-02-19T18:26:55Z" finished-at="2019-02-19T18:27:13Z">
      <class name="module6.childWindowAction">
        <test-method status="PASS" signature="childwindow()[pri:0, instance:module6.childWindowAction@fad74ee]" name="childwindow" duration-ms="18060" started-at="2019-02-19T18:26:55Z" finished-at="2019-02-19T18:27:13Z">
          <reporter-output>
          </reporter-output>
        </test-method> <!-- childwindow -->
      </class> <!-- module6.childWindowAction -->
    </test> <!-- Default test -->
  </suite> <!-- Default suite -->
</testng-results>
